-------------------------------------------------------------------------------
Test set: Group10.example.API.Controller.DepartmentControllerTest
-------------------------------------------------------------------------------
Tests run: 1, Failures: 1, Errors: 0, Skipped: 0, Time elapsed: 0.075 s <<< FAILURE! - in Group10.example.API.Controller.DepartmentControllerTest
addDepartment  Time elapsed: 0.01 s  <<< FAILURE!
org.opentest4j.AssertionFailedError: expected: <200> but was: <401>
	at Group10.example.API.Controller.DepartmentControllerTest.addDepartment(DepartmentControllerTest.java:32)

