-------------------------------------------------------------------------------
Test set: Group10.example.API.ApiApplicationTest
-------------------------------------------------------------------------------
Tests run: 1, Failures: 1, Errors: 0, Skipped: 0, Time elapsed: 14.718 s <<< FAILURE! - in Group10.example.API.ApiApplicationTest
main  Time elapsed: 1.512 s  <<< FAILURE!
org.opentest4j.AssertionFailedError: expected: <Hi> but was: <>
	at Group10.example.API.ApiApplicationTest.main(ApiApplicationTest.java:35)

