-------------------------------------------------------------------------------
Test set: Group10.example.API.Controller.LectureRoomControllerTest
-------------------------------------------------------------------------------
Tests run: 1, Failures: 1, Errors: 0, Skipped: 0, Time elapsed: 0.025 s <<< FAILURE! - in Group10.example.API.Controller.LectureRoomControllerTest
addLectureRoom  Time elapsed: 0 s  <<< FAILURE!
org.opentest4j.AssertionFailedError: expected: <200> but was: <401>
	at Group10.example.API.Controller.LectureRoomControllerTest.addLectureRoom(LectureRoomControllerTest.java:30)

