-------------------------------------------------------------------------------
Test set: Group10.example.API.Controller.LecturerControllerIntTest
-------------------------------------------------------------------------------
Tests run: 2, Failures: 1, Errors: 0, Skipped: 0, Time elapsed: 0.075 s <<< FAILURE! - in Group10.example.API.Controller.LecturerControllerIntTest
createGroup  Time elapsed: 0.005 s  <<< FAILURE!
org.opentest4j.AssertionFailedError: expected: <200> but was: <401>
	at Group10.example.API.Controller.LecturerControllerIntTest.createGroup(LecturerControllerIntTest.java:54)

