<?xml version="1.0" encoding="UTF-8"?>
<testsuite xmlns:xsi="http://www.w3.org/2001/XMLSchema-instance" xsi:noNamespaceSchemaLocation="https://maven.apache.org/surefire/maven-surefire-plugin/xsd/surefire-test-report.xsd" name="Group10.example.API.ApiApplicationTest" time="14.718" tests="1" errors="0" skipped="0" failures="1">
  <properties>
[...]
</properties>
  <testcase name="main" classname="Group10.example.API.ApiApplicationTest" time="1.512">
    <failure message="expected: &lt;Hi&gt; but was: &lt;&gt;" type="org.opentest4j.AssertionFailedError"><![CDATA[org.opentest4j.AssertionFailedError: expected: <Hi> but was: <>
	at Group10.example.API.ApiApplicationTest.main(ApiApplicationTest.java:35)
]]></failure>
    <system-out><![CDATA[22:11:33.953 [main] DEBUG org.springframework.test.context.junit4.SpringJUnit4ClassRunner - SpringJUnit4ClassRunner constructor called with [class Group10.example.API.ApiApplicationTest]
22:11:33.958 [main] DEBUG org.springframework.test.context.BootstrapUtils - Instantiating CacheAwareContextLoaderDelegate from class [org.springframework.test.context.cache.DefaultCacheAwareContextLoaderDelegate]
22:11:34.024 [main] DEBUG org.springframework.test.context.BootstrapUtils - Instantiating BootstrapContext using constructor [public org.springframework.test.context.support.DefaultBootstrapContext(java.lang.Class,org.springframework.test.context.CacheAwareContextLoaderDelegate)]
22:11:34.151 [main] DEBUG org.springframework.test.context.BootstrapUtils - Instantiating TestContextBootstrapper for test class [Group10.example.API.ApiApplicationTest] from class [org.springframework.boot.test.context.SpringBootTestContextBootstrapper]
22:11:34.213 [main] INFO org.springframework.boot.test.context.SpringBootTestContextBootstrapper - Neither @ContextConfiguration nor @ContextHierarchy found for test class [Group10.example.API.ApiApplicationTest], using SpringBootContextLoader
22:11:34.218 [main] DEBUG org.springframework.test.context.support.AbstractContextLoader - Did not detect default resource location for test class [Group10.example.API.ApiApplicationTest]: class path resource [Group10/example/API/ApiApplicationTest-context.xml] does not exist
22:11:34.223 [main] DEBUG org.springframework.test.context.support.AbstractContextLoader - Did not detect default resource location for test class [Group10.example.API.ApiApplicationTest]: class path resource [Group10/example/API/ApiApplicationTestContext.groovy] does not exist
22:11:34.223 [main] INFO org.springframework.test.context.support.AbstractContextLoader - Could not detect default resource locations for test class [Group10.example.API.ApiApplicationTest]: no resource found for suffixes {-context.xml, Context.groovy}.
22:11:34.570 [main] DEBUG org.springframework.test.context.support.ActiveProfilesUtils - Could not find an 'annotation declaring class' for annotation type [org.springframework.test.context.ActiveProfiles] and class [Group10.example.API.ApiApplicationTest]
22:11:35.060 [main] DEBUG org.springframework.boot.test.context.SpringBootTestContextBootstrapper - @TestExecutionListeners is not present for class [Group10.example.API.ApiApplicationTest]: using defaults.
22:11:35.065 [main] INFO org.springframework.boot.test.context.SpringBootTestContextBootstrapper - Loaded default TestExecutionListener class names from location [META-INF/spring.factories]: [org.springframework.boot.test.mock.mockito.MockitoTestExecutionListener, org.springframework.boot.test.mock.mockito.ResetMocksTestExecutionListener, org.springframework.boot.test.autoconfigure.restdocs.RestDocsTestExecutionListener, org.springframework.boot.test.autoconfigure.web.client.MockRestServiceServerResetTestExecutionListener, org.springframework.boot.test.autoconfigure.web.servlet.MockMvcPrintOnlyOnFailureTestExecutionListener, org.springframework.boot.test.autoconfigure.web.servlet.WebDriverTestExecutionListener, org.springframework.boot.test.autoconfigure.webservices.client.MockWebServiceServerTestExecutionListener, org.springframework.test.context.web.ServletTestExecutionListener, org.springframework.test.context.support.DirtiesContextBeforeModesTestExecutionListener, org.springframework.test.context.support.DependencyInjectionTestExecutionListener, org.springframework.test.context.support.DirtiesContextTestExecutionListener, org.springframework.test.context.transaction.TransactionalTestExecutionListener, org.springframework.test.context.jdbc.SqlScriptsTestExecutionListener, org.springframework.test.context.event.EventPublishingTestExecutionListener]
22:11:35.161 [main] INFO org.springframework.boot.test.context.SpringBootTestContextBootstrapper - Using TestExecutionListeners: [org.springframework.test.context.web.ServletTestExecutionListener@7b94089b, org.springframework.test.context.support.DirtiesContextBeforeModesTestExecutionListener@7ca20101, org.springframework.boot.test.mock.mockito.MockitoTestExecutionListener@47f9738, org.springframework.boot.test.autoconfigure.SpringBootDependencyInjectionTestExecutionListener@6155d082, org.springframework.test.context.support.DirtiesContextTestExecutionListener@3a5ecce3, org.springframework.test.context.transaction.TransactionalTestExecutionListener@561868a0, org.springframework.test.context.jdbc.SqlScriptsTestExecutionListener@2ea6e30c, org.springframework.test.context.event.EventPublishingTestExecutionListener@6138e79a, org.springframework.boot.test.mock.mockito.ResetMocksTestExecutionListener@2dcd168a, org.springframework.boot.test.autoconfigure.restdocs.RestDocsTestExecutionListener@388526fb, org.springframework.boot.test.autoconfigure.web.client.MockRestServiceServerResetTestExecutionListener@21a21c64, org.springframework.boot.test.autoconfigure.web.servlet.MockMvcPrintOnlyOnFailureTestExecutionListener@7803bfd, org.springframework.boot.test.autoconfigure.web.servlet.WebDriverTestExecutionListener@42bc14c1, org.springframework.boot.test.autoconfigure.webservices.client.MockWebServiceServerTestExecutionListener@531f4093]
22:11:35.161 [main] DEBUG org.springframework.test.annotation.ProfileValueUtils - Retrieved @ProfileValueSourceConfiguration [null] for test class [Group10.example.API.ApiApplicationTest]
22:11:35.166 [main] DEBUG org.springframework.test.annotation.ProfileValueUtils - Retrieved ProfileValueSource type [class org.springframework.test.annotation.SystemProfileValueSource] for class [Group10.example.API.ApiApplicationTest]
22:11:35.171 [main] DEBUG org.springframework.test.annotation.ProfileValueUtils - Retrieved @ProfileValueSourceConfiguration [null] for test class [Group10.example.API.ApiApplicationTest]
22:11:35.171 [main] DEBUG org.springframework.test.annotation.ProfileValueUtils - Retrieved ProfileValueSource type [class org.springframework.test.annotation.SystemProfileValueSource] for class [Group10.example.API.ApiApplicationTest]
22:11:35.181 [main] DEBUG org.springframework.test.annotation.ProfileValueUtils - Retrieved @ProfileValueSourceConfiguration [null] for test class [Group10.example.API.ApiApplicationTest]
22:11:35.181 [main] DEBUG org.springframework.test.annotation.ProfileValueUtils - Retrieved ProfileValueSource type [class org.springframework.test.annotation.SystemProfileValueSource] for class [Group10.example.API.ApiApplicationTest]
22:11:35.451 [main] DEBUG org.springframework.test.context.junit4.SpringJUnit4ClassRunner - SpringJUnit4ClassRunner constructor called with [class Group10.example.API.ApiApplicationTest]
22:11:35.451 [main] DEBUG org.springframework.test.context.BootstrapUtils - Instantiating CacheAwareContextLoaderDelegate from class [org.springframework.test.context.cache.DefaultCacheAwareContextLoaderDelegate]
22:11:35.451 [main] DEBUG org.springframework.test.context.BootstrapUtils - Instantiating BootstrapContext using constructor [public org.springframework.test.context.support.DefaultBootstrapContext(java.lang.Class,org.springframework.test.context.CacheAwareContextLoaderDelegate)]
22:11:35.451 [main] DEBUG org.springframework.test.context.BootstrapUtils - Instantiating TestContextBootstrapper for test class [Group10.example.API.ApiApplicationTest] from class [org.springframework.boot.test.context.SpringBootTestContextBootstrapper]
22:11:35.451 [main] INFO org.springframework.boot.test.context.SpringBootTestContextBootstrapper - Neither @ContextConfiguration nor @ContextHierarchy found for test class [Group10.example.API.ApiApplicationTest], using SpringBootContextLoader
22:11:35.456 [main] DEBUG org.springframework.test.context.support.AbstractContextLoader - Did not detect default resource location for test class [Group10.example.API.ApiApplicationTest]: class path resource [Group10/example/API/ApiApplicationTest-context.xml] does not exist
22:11:35.456 [main] DEBUG org.springframework.test.context.support.AbstractContextLoader - Did not detect default resource location for test class [Group10.example.API.ApiApplicationTest]: class path resource [Group10/example/API/ApiApplicationTestContext.groovy] does not exist
22:11:35.456 [main] INFO org.springframework.test.context.support.AbstractContextLoader - Could not detect default resource locations for test class [Group10.example.API.ApiApplicationTest]: no resource found for suffixes {-context.xml, Context.groovy}.
22:11:35.461 [main] DEBUG org.springframework.test.context.support.ActiveProfilesUtils - Could not find an 'annotation declaring class' for annotation type [org.springframework.test.context.ActiveProfiles] and class [Group10.example.API.ApiApplicationTest]
22:11:35.461 [main] DEBUG org.springframework.boot.test.context.SpringBootTestContextBootstrapper - @TestExecutionListeners is not present for class [Group10.example.API.ApiApplicationTest]: using defaults.
22:11:35.461 [main] INFO org.springframework.boot.test.context.SpringBootTestContextBootstrapper - Loaded default TestExecutionListener class names from location [META-INF/spring.factories]: [org.springframework.boot.test.mock.mockito.MockitoTestExecutionListener, org.springframework.boot.test.mock.mockito.ResetMocksTestExecutionListener, org.springframework.boot.test.autoconfigure.restdocs.RestDocsTestExecutionListener, org.springframework.boot.test.autoconfigure.web.client.MockRestServiceServerResetTestExecutionListener, org.springframework.boot.test.autoconfigure.web.servlet.MockMvcPrintOnlyOnFailureTestExecutionListener, org.springframework.boot.test.autoconfigure.web.servlet.WebDriverTestExecutionListener, org.springframework.boot.test.autoconfigure.webservices.client.MockWebServiceServerTestExecutionListener, org.springframework.test.context.web.ServletTestExecutionListener, org.springframework.test.context.support.DirtiesContextBeforeModesTestExecutionListener, org.springframework.test.context.support.DependencyInjectionTestExecutionListener, org.springframework.test.context.support.DirtiesContextTestExecutionListener, org.springframework.test.context.transaction.TransactionalTestExecutionListener, org.springframework.test.context.jdbc.SqlScriptsTestExecutionListener, org.springframework.test.context.event.EventPublishingTestExecutionListener]
22:11:35.466 [main] INFO org.springframework.boot.test.context.SpringBootTestContextBootstrapper - Using TestExecutionListeners: [org.springframework.test.context.web.ServletTestExecutionListener@2e61d218, org.springframework.test.context.support.DirtiesContextBeforeModesTestExecutionListener@3569fc08, org.springframework.boot.test.mock.mockito.MockitoTestExecutionListener@20b12f8a, org.springframework.boot.test.autoconfigure.SpringBootDependencyInjectionTestExecutionListener@e84a8e1, org.springframework.test.context.support.DirtiesContextTestExecutionListener@2e554a3b, org.springframework.test.context.transaction.TransactionalTestExecutionListener@54a67a45, org.springframework.test.context.jdbc.SqlScriptsTestExecutionListener@7d42c224, org.springframework.test.context.event.EventPublishingTestExecutionListener@56aaaecd, org.springframework.boot.test.mock.mockito.ResetMocksTestExecutionListener@522a32b1, org.springframework.boot.test.autoconfigure.restdocs.RestDocsTestExecutionListener@35390ee3, org.springframework.boot.test.autoconfigure.web.client.MockRestServiceServerResetTestExecutionListener@5e01a982, org.springframework.boot.test.autoconfigure.web.servlet.MockMvcPrintOnlyOnFailureTestExecutionListener@5ddea849, org.springframework.boot.test.autoconfigure.web.servlet.WebDriverTestExecutionListener@5ee2b6f9, org.springframework.boot.test.autoconfigure.webservices.client.MockWebServiceServerTestExecutionListener@23d1e5d0]
22:11:35.466 [main] DEBUG org.springframework.test.annotation.ProfileValueUtils - Retrieved @ProfileValueSourceConfiguration [null] for test class [Group10.example.API.ApiApplicationTest]
22:11:35.466 [main] DEBUG org.springframework.test.annotation.ProfileValueUtils - Retrieved ProfileValueSource type [class org.springframework.test.annotation.SystemProfileValueSource] for class [Group10.example.API.ApiApplicationTest]
22:11:35.466 [main] DEBUG org.springframework.test.annotation.ProfileValueUtils - Retrieved @ProfileValueSourceConfiguration [null] for test class [Group10.example.API.ApiApplicationTest]
22:11:35.466 [main] DEBUG org.springframework.test.annotation.ProfileValueUtils - Retrieved ProfileValueSource type [class org.springframework.test.annotation.SystemProfileValueSource] for class [Group10.example.API.ApiApplicationTest]
22:11:35.466 [main] DEBUG org.springframework.test.annotation.ProfileValueUtils - Retrieved @ProfileValueSourceConfiguration [null] for test class [Group10.example.API.ApiApplicationTest]
22:11:35.466 [main] DEBUG org.springframework.test.annotation.ProfileValueUtils - Retrieved ProfileValueSource type [class org.springframework.test.annotation.SystemProfileValueSource] for class [Group10.example.API.ApiApplicationTest]
22:11:35.617 [main] DEBUG org.springframework.test.annotation.ProfileValueUtils - Retrieved @ProfileValueSourceConfiguration [null] for test class [Group10.example.API.ApiApplicationTest]
22:11:35.617 [main] DEBUG org.springframework.test.annotation.ProfileValueUtils - Retrieved ProfileValueSource type [class org.springframework.test.annotation.SystemProfileValueSource] for class [Group10.example.API.ApiApplicationTest]
22:11:35.632 [main] DEBUG org.springframework.test.annotation.ProfileValueUtils - Retrieved @ProfileValueSourceConfiguration [null] for test class [Group10.example.API.ApiApplicationTest]
22:11:35.632 [main] DEBUG org.springframework.test.annotation.ProfileValueUtils - Retrieved ProfileValueSource type [class org.springframework.test.annotation.SystemProfileValueSource] for class [Group10.example.API.ApiApplicationTest]
22:11:35.632 [main] DEBUG org.springframework.test.annotation.ProfileValueUtils - Retrieved @ProfileValueSourceConfiguration [null] for test class [Group10.example.API.ApiApplicationTest]
22:11:35.632 [main] DEBUG org.springframework.test.annotation.ProfileValueUtils - Retrieved ProfileValueSource type [class org.springframework.test.annotation.SystemProfileValueSource] for class [Group10.example.API.ApiApplicationTest]
22:11:35.662 [main] DEBUG org.springframework.test.context.support.AbstractDirtiesContextTestExecutionListener - Before test class: context [DefaultTestContext@36f48b4 testClass = ApiApplicationTest, testInstance = [null], testMethod = [null], testException = [null], mergedContextConfiguration = [WebMergedContextConfiguration@5c00384f testClass = ApiApplicationTest, locations = '{}', classes = '{class Group10.example.API.ApiApplication, class Group10.example.API.ApiApplication}', contextInitializerClasses = '[]', activeProfiles = '{}', propertySourceLocations = '{classpath:application.properties}', propertySourceProperties = '{org.springframework.boot.test.context.SpringBootTestContextBootstrapper=true, server.port=0}', contextCustomizers = set[[ImportsContextCustomizer@3b7ff809 key = [org.springframework.boot.test.autoconfigure.web.servlet.MockMvcAutoConfiguration, org.springframework.boot.test.autoconfigure.web.servlet.MockMvcWebClientAutoConfiguration, org.springframework.boot.test.autoconfigure.web.servlet.MockMvcWebDriverAutoConfiguration, org.springframework.boot.autoconfigure.security.oauth2.client.servlet.OAuth2ClientAutoConfiguration, org.springframework.boot.autoconfigure.security.oauth2.resource.servlet.OAuth2ResourceServerAutoConfiguration, org.springframework.boot.autoconfigure.security.servlet.SecurityAutoConfiguration, org.springframework.boot.autoconfigure.security.servlet.SecurityFilterAutoConfiguration, org.springframework.boot.autoconfigure.security.servlet.UserDetailsServiceAutoConfiguration, org.springframework.boot.test.autoconfigure.web.servlet.MockMvcSecurityConfiguration]], org.springframework.boot.test.context.filter.ExcludeFilterContextCustomizer@4b8d604b, org.springframework.boot.test.json.DuplicateJsonObjectContextCustomizerFactory$DuplicateJsonObjectContextCustomizer@d554c5f, org.springframework.boot.test.mock.mockito.MockitoContextCustomizer@0, org.springframework.boot.test.web.client.TestRestTemplateContextCustomizer@624ea235, org.springframework.boot.test.autoconfigure.properties.PropertyMappingContextCustomizer@4b3fa0b3, org.springframework.boot.test.autoconfigure.web.servlet.WebDriverContextCustomizerFactory$Customizer@6a4f1a55, org.springframework.boot.test.context.SpringBootTestArgs@1, org.springframework.boot.test.context.SpringBootTestWebEnvironment@e350b40], resourceBasePath = 'src/main/webapp', contextLoader = 'org.springframework.boot.test.context.SpringBootContextLoader', parent = [null]], attributes = map['org.springframework.test.context.web.ServletTestExecutionListener.activateListener' -> false]], class annotated with @DirtiesContext [false] with mode [null].
22:11:35.667 [main] DEBUG org.springframework.test.annotation.ProfileValueUtils - Retrieved @ProfileValueSourceConfiguration [null] for test class [Group10.example.API.ApiApplicationTest]
22:11:35.667 [main] DEBUG org.springframework.test.annotation.ProfileValueUtils - Retrieved ProfileValueSource type [class org.springframework.test.annotation.SystemProfileValueSource] for class [Group10.example.API.ApiApplicationTest]
22:11:35.702 [main] DEBUG org.springframework.test.context.support.DependencyInjectionTestExecutionListener - Performing dependency injection for test context [[DefaultTestContext@36f48b4 testClass = ApiApplicationTest, testInstance = Group10.example.API.ApiApplicationTest@73163d48, testMethod = [null], testException = [null], mergedContextConfiguration = [WebMergedContextConfiguration@5c00384f testClass = ApiApplicationTest, locations = '{}', classes = '{class Group10.example.API.ApiApplication, class Group10.example.API.ApiApplication}', contextInitializerClasses = '[]', activeProfiles = '{}', propertySourceLocations = '{classpath:application.properties}', propertySourceProperties = '{org.springframework.boot.test.context.SpringBootTestContextBootstrapper=true, server.port=0}', contextCustomizers = set[[ImportsContextCustomizer@3b7ff809 key = [org.springframework.boot.test.autoconfigure.web.servlet.MockMvcAutoConfiguration, org.springframework.boot.test.autoconfigure.web.servlet.MockMvcWebClientAutoConfiguration, org.springframework.boot.test.autoconfigure.web.servlet.MockMvcWebDriverAutoConfiguration, org.springframework.boot.autoconfigure.security.oauth2.client.servlet.OAuth2ClientAutoConfiguration, org.springframework.boot.autoconfigure.security.oauth2.resource.servlet.OAuth2ResourceServerAutoConfiguration, org.springframework.boot.autoconfigure.security.servlet.SecurityAutoConfiguration, org.springframework.boot.autoconfigure.security.servlet.SecurityFilterAutoConfiguration, org.springframework.boot.autoconfigure.security.servlet.UserDetailsServiceAutoConfiguration, org.springframework.boot.test.autoconfigure.web.servlet.MockMvcSecurityConfiguration]], org.springframework.boot.test.context.filter.ExcludeFilterContextCustomizer@4b8d604b, org.springframework.boot.test.json.DuplicateJsonObjectContextCustomizerFactory$DuplicateJsonObjectContextCustomizer@d554c5f, org.springframework.boot.test.mock.mockito.MockitoContextCustomizer@0, org.springframework.boot.test.web.client.TestRestTemplateContextCustomizer@624ea235, org.springframework.boot.test.autoconfigure.properties.PropertyMappingContextCustomizer@4b3fa0b3, org.springframework.boot.test.autoconfigure.web.servlet.WebDriverContextCustomizerFactory$Customizer@6a4f1a55, org.springframework.boot.test.context.SpringBootTestArgs@1, org.springframework.boot.test.context.SpringBootTestWebEnvironment@e350b40], resourceBasePath = 'src/main/webapp', contextLoader = 'org.springframework.boot.test.context.SpringBootContextLoader', parent = [null]], attributes = map['org.springframework.test.context.web.ServletTestExecutionListener.activateListener' -> false]]].
22:11:36.051 [main] DEBUG org.springframework.test.context.support.TestPropertySourceUtils - Adding inlined properties to environment: {spring.jmx.enabled=false, org.springframework.boot.test.context.SpringBootTestContextBootstrapper=true, server.port=0}

  .   ____          _            __ _ _
 /\\ / ___'_ __ _ _(_)_ __  __ _ \ \ \ \
( ( )\___ | '_ | '_| | '_ \/ _` | \ \ \ \
 \\/  ___)| |_)| | | | | || (_| |  ) ) ) )
  '  |____| .__|_| |_|_| |_\__, | / / / /
 =========|_|==============|___/=/_/_/_/
 :: Spring Boot ::        (v2.3.5.RELEASE)

2021-02-17 22:11:37.375  INFO 8668 --- [           main] Group10.example.API.ApiApplicationTest   : Starting ApiApplicationTest on DESKTOP-T8A1V7C with PID 8668 (started by Nuwan in C:\Users\Nuwan\3D Objects\aws\heroku)
2021-02-17 22:11:37.375  INFO 8668 --- [           main] Group10.example.API.ApiApplicationTest   : No active profile set, falling back to default profiles: default
2021-02-17 22:11:40.563  INFO 8668 --- [           main] .s.d.r.c.RepositoryConfigurationDelegate : Bootstrapping Spring Data MongoDB repositories in DEFAULT mode.
2021-02-17 22:11:40.794  INFO 8668 --- [           main] .s.d.r.c.RepositoryConfigurationDelegate : Finished Spring Data repository scanning in 192ms. Found 8 MongoDB repository interfaces.
2021-02-17 22:11:42.936  INFO 8668 --- [           main] o.s.b.w.embedded.tomcat.TomcatWebServer  : Tomcat initialized with port(s): 0 (http)
2021-02-17 22:11:42.961  INFO 8668 --- [           main] o.apache.catalina.core.StandardService   : Starting service [Tomcat]
2021-02-17 22:11:42.961  INFO 8668 --- [           main] org.apache.catalina.core.StandardEngine  : Starting Servlet engine: [Apache Tomcat/9.0.39]
2021-02-17 22:11:43.691  INFO 8668 --- [           main] org.apache.jasper.servlet.TldScanner     : At least one JAR was scanned for TLDs yet contained no TLDs. Enable debug logging for this logger for a complete list of JARs that were scanned but no TLDs were found in them. Skipping unneeded JARs during scanning can improve startup time and JSP compilation time.
2021-02-17 22:11:43.706  INFO 8668 --- [           main] o.a.c.c.C.[Tomcat].[localhost].[/]       : Initializing Spring embedded WebApplicationContext
2021-02-17 22:11:43.706  INFO 8668 --- [           main] w.s.c.ServletWebServerApplicationContext : Root WebApplicationContext: initialization completed in 6272 ms
2021-02-17 22:11:44.696  INFO 8668 --- [           main] org.mongodb.driver.cluster               : Cluster created with settings {hosts=[127.0.0.1:27017], srvHost=cluster0.lvpxn.mongodb.net, mode=MULTIPLE, requiredClusterType=REPLICA_SET, serverSelectionTimeout='30000 ms', requiredReplicaSetName='atlas-10dart-shard-0'}
2021-02-17 22:11:44.816  INFO 8668 --- [pxn.mongodb.net] org.mongodb.driver.cluster               : Adding discovered server cluster0-shard-00-00.lvpxn.mongodb.net:27017 to client view of cluster
2021-02-17 22:11:44.866  INFO 8668 --- [pxn.mongodb.net] org.mongodb.driver.cluster               : Adding discovered server cluster0-shard-00-02.lvpxn.mongodb.net:27017 to client view of cluster
2021-02-17 22:11:44.871  INFO 8668 --- [pxn.mongodb.net] org.mongodb.driver.cluster               : Adding discovered server cluster0-shard-00-01.lvpxn.mongodb.net:27017 to client view of cluster
2021-02-17 22:11:47.064  INFO 8668 --- [ngodb.net:27017] org.mongodb.driver.connection            : Opened connection [connectionId{localValue:2, serverValue:87884}] to cluster0-shard-00-02.lvpxn.mongodb.net:27017
2021-02-17 22:11:47.064  INFO 8668 --- [ngodb.net:27017] org.mongodb.driver.connection            : Opened connection [connectionId{localValue:1, serverValue:69613}] to cluster0-shard-00-01.lvpxn.mongodb.net:27017
2021-02-17 22:11:47.064  INFO 8668 --- [ngodb.net:27017] org.mongodb.driver.connection            : Opened connection [connectionId{localValue:3, serverValue:70138}] to cluster0-shard-00-00.lvpxn.mongodb.net:27017
2021-02-17 22:11:47.314  INFO 8668 --- [           main] o.s.s.web.DefaultSecurityFilterChain     : Creating filter chain: any request, [org.springframework.security.web.context.request.async.WebAsyncManagerIntegrationFilter@fd4459b, org.springframework.security.web.context.SecurityContextPersistenceFilter@685e6a68, org.springframework.security.web.header.HeaderWriterFilter@6f7a20da, org.springframework.web.filter.CorsFilter@1073c664, org.springframework.security.web.authentication.logout.LogoutFilter@4ffa7041, Group10.example.API.Configurations.JwtRequestFilter@c262f2f, org.springframework.security.web.savedrequest.RequestCacheAwareFilter@3de56885, org.springframework.security.web.servletapi.SecurityContextHolderAwareRequestFilter@1c90029b, org.springframework.security.web.authentication.AnonymousAuthenticationFilter@517a46f3, org.springframework.security.web.session.SessionManagementFilter@1c171746, org.springframework.security.web.access.ExceptionTranslationFilter@61e14b53, org.springframework.security.web.access.intercept.FilterSecurityInterceptor@13dc6649]
2021-02-17 22:11:47.334  INFO 8668 --- [ngodb.net:27017] org.mongodb.driver.cluster               : Monitor thread successfully connected to server with description ServerDescription{address=cluster0-shard-00-02.lvpxn.mongodb.net:27017, type=REPLICA_SET_PRIMARY, state=CONNECTED, ok=true, minWireVersion=0, maxWireVersion=9, maxDocumentSize=16777216, logicalSessionTimeoutMinutes=30, roundTripTimeNanos=264663300, setName='atlas-10dart-shard-0', canonicalAddress=cluster0-shard-00-02.lvpxn.mongodb.net:27017, hosts=[cluster0-shard-00-00.lvpxn.mongodb.net:27017, cluster0-shard-00-02.lvpxn.mongodb.net:27017, cluster0-shard-00-01.lvpxn.mongodb.net:27017], passives=[], arbiters=[], primary='cluster0-shard-00-02.lvpxn.mongodb.net:27017', tagSet=TagSet{[Tag{name='nodeType', value='ELECTABLE'}, Tag{name='provider', value='AWS'}, Tag{name='region', value='US_EAST_1'}, Tag{name='workloadType', value='OPERATIONAL'}]}, electionId=7fffffff0000000000000036, setVersion=2, lastWriteDate=Wed Feb 17 22:11:48 IST 2021, lastUpdateTimeNanos=17556148970200}
2021-02-17 22:11:47.334  INFO 8668 --- [ngodb.net:27017] org.mongodb.driver.cluster               : Monitor thread successfully connected to server with description ServerDescription{address=cluster0-shard-00-01.lvpxn.mongodb.net:27017, type=REPLICA_SET_SECONDARY, state=CONNECTED, ok=true, minWireVersion=0, maxWireVersion=9, maxDocumentSize=16777216, logicalSessionTimeoutMinutes=30, roundTripTimeNanos=266570400, setName='atlas-10dart-shard-0', canonicalAddress=cluster0-shard-00-01.lvpxn.mongodb.net:27017, hosts=[cluster0-shard-00-00.lvpxn.mongodb.net:27017, cluster0-shard-00-02.lvpxn.mongodb.net:27017, cluster0-shard-00-01.lvpxn.mongodb.net:27017], passives=[], arbiters=[], primary='cluster0-shard-00-02.lvpxn.mongodb.net:27017', tagSet=TagSet{[Tag{name='nodeType', value='ELECTABLE'}, Tag{name='provider', value='AWS'}, Tag{name='region', value='US_EAST_1'}, Tag{name='workloadType', value='OPERATIONAL'}]}, electionId=null, setVersion=2, lastWriteDate=Wed Feb 17 22:11:48 IST 2021, lastUpdateTimeNanos=17556150220399}
2021-02-17 22:11:47.339  INFO 8668 --- [ngodb.net:27017] org.mongodb.driver.cluster               : Setting max election id to 7fffffff0000000000000036 from replica set primary cluster0-shard-00-02.lvpxn.mongodb.net:27017
2021-02-17 22:11:47.339  INFO 8668 --- [ngodb.net:27017] org.mongodb.driver.cluster               : Setting max set version to 2 from replica set primary cluster0-shard-00-02.lvpxn.mongodb.net:27017
2021-02-17 22:11:47.339  INFO 8668 --- [ngodb.net:27017] org.mongodb.driver.cluster               : Discovered replica set primary cluster0-shard-00-02.lvpxn.mongodb.net:27017
2021-02-17 22:11:47.344  INFO 8668 --- [ngodb.net:27017] org.mongodb.driver.cluster               : Monitor thread successfully connected to server with description ServerDescription{address=cluster0-shard-00-00.lvpxn.mongodb.net:27017, type=REPLICA_SET_SECONDARY, state=CONNECTED, ok=true, minWireVersion=0, maxWireVersion=9, maxDocumentSize=16777216, logicalSessionTimeoutMinutes=30, roundTripTimeNanos=278382900, setName='atlas-10dart-shard-0', canonicalAddress=cluster0-shard-00-00.lvpxn.mongodb.net:27017, hosts=[cluster0-shard-00-00.lvpxn.mongodb.net:27017, cluster0-shard-00-02.lvpxn.mongodb.net:27017, cluster0-shard-00-01.lvpxn.mongodb.net:27017], passives=[], arbiters=[], primary='cluster0-shard-00-02.lvpxn.mongodb.net:27017', tagSet=TagSet{[Tag{name='nodeType', value='ELECTABLE'}, Tag{name='provider', value='AWS'}, Tag{name='region', value='US_EAST_1'}, Tag{name='workloadType', value='OPERATIONAL'}]}, electionId=null, setVersion=2, lastWriteDate=Wed Feb 17 22:11:48 IST 2021, lastUpdateTimeNanos=17556162067800}
2021-02-17 22:11:47.799  INFO 8668 --- [           main] o.s.s.concurrent.ThreadPoolTaskExecutor  : Initializing ExecutorService 'applicationTaskExecutor'
2021-02-17 22:11:48.029  INFO 8668 --- [           main] o.s.b.a.w.s.WelcomePageHandlerMapping    : Adding welcome page: class path resource [static/index.html]
2021-02-17 22:11:48.274  INFO 8668 --- [           main] o.a.c.c.C.[Tomcat].[localhost].[/]       : Initializing Spring TestDispatcherServlet ''
2021-02-17 22:11:48.279  INFO 8668 --- [           main] o.s.t.web.servlet.TestDispatcherServlet  : Initializing Servlet ''
2021-02-17 22:11:48.304  INFO 8668 --- [           main] o.s.t.web.servlet.TestDispatcherServlet  : Completed initialization in 25 ms
2021-02-17 22:11:48.808  INFO 8668 --- [           main] o.s.b.w.embedded.tomcat.TomcatWebServer  : Tomcat started on port(s): 53792 (http) with context path ''
2021-02-17 22:11:48.823  INFO 8668 --- [           main] Group10.example.API.ApiApplicationTest   : Started ApiApplicationTest in 12.766 seconds (JVM running for 16.36)
2021-02-17 22:11:50.245  WARN 8668 --- [           main] G.e.API.Configurations.JwtRequestFilter  : JWT Token does not begin with Bearer String

MockHttpServletRequest:
      HTTP Method = GET
      Request URI = /mobile/test/
       Parameters = {}
          Headers = []
             Body = null
    Session Attrs = {}

Handler:
             Type = null

Async:
    Async started = false
     Async result = null

Resolved Exception:
             Type = null

ModelAndView:
        View name = null
             View = null
            Model = null

FlashMap:
       Attributes = null

MockHttpServletResponse:
           Status = 401
    Error message = Unauthorized
          Headers = [Vary:"Origin", "Access-Control-Request-Method", "Access-Control-Request-Headers", X-Content-Type-Options:"nosniff", X-XSS-Protection:"1; mode=block", Cache-Control:"no-cache, no-store, max-age=0, must-revalidate", Pragma:"no-cache", Expires:"0", X-Frame-Options:"DENY"]
     Content type = null
             Body = 
    Forwarded URL = null
   Redirected URL = null
          Cookies = []
]]></system-out>
  </testcase>
</testsuite>