<?xml version="1.0" encoding="UTF-8"?>
<testsuite xmlns:xsi="http://www.w3.org/2001/XMLSchema-instance" xsi:noNamespaceSchemaLocation="https://maven.apache.org/surefire/maven-surefire-plugin/xsd/surefire-test-report.xsd" name="Group10.example.API.Controller.GroupControllerIntTest" time="0.04" tests="2" errors="0" skipped="0" failures="1">
  <properties>
[...]
</properties>
  <testcase name="addLec" classname="Group10.example.API.Controller.GroupControllerIntTest" time="0.005"/>
  <testcase name="createGroup" classname="Group10.example.API.Controller.GroupControllerIntTest" time="0">
    <failure message="expected: &lt;200&gt; but was: &lt;401&gt;" type="org.opentest4j.AssertionFailedError"><![CDATA[org.opentest4j.AssertionFailedError: expected: <200> but was: <401>
	at Group10.example.API.Controller.GroupControllerIntTest.createGroup(GroupControllerIntTest.java:49)
]]></failure>
    <system-out><![CDATA[2021-02-17 22:11:55.614  WARN 8668 --- [o-auto-2-exec-1] G.e.API.Configurations.JwtRequestFilter  : JWT Token does not begin with Bearer String
{timestamp=2021-02-17T16:41:55.619+00:00, status=401, error=Unauthorized, message=, path=/groups/create/}
]]></system-out>
  </testcase>
</testsuite>